<?xml version="1.0" encoding="UTF-8"?>
<!-- Generated by org.testng.reporters.JUnitXMLReporter -->
<testsuite hostname="LAPTOP-B1VDJO44" ignored="0" name="VideoGameTestCases" tests="5" failures="0" timestamp="15 Dec 2019 11:11:11 GMT" time="3.229" errors="0">
  <testcase name="getAllvideogames" time="2.291" classname="TestCases.VideoGameAPItest"/>
  <testcase name="createnewVideogame" time="0.293" classname="TestCases.VideoGameAPItest"/>
  <testcase name="getspecificvideogame" time="0.537" classname="TestCases.VideoGameAPItest"/>
  <testcase name="updatevideogame" time="0.053" classname="TestCases.VideoGameAPItest"/>
  <testcase name="deletevideogame" time="0.021" classname="TestCases.VideoGameAPItest"/>
</testsuite> <!-- VideoGameTestCases -->
