<?xml version="1.0" encoding="UTF-8"?>
<testng-results skipped="0" failed="0" ignored="0" total="5" passed="5">
  <reporter-output>
  </reporter-output>
  <suite name="VideoGameAPItestSuite" duration-ms="3229" started-at="2019-12-15T11:11:07Z" finished-at="2019-12-15T11:11:11Z">
    <groups>
    </groups>
    <test name="VideoGameTestCases" duration-ms="3229" started-at="2019-12-15T11:11:07Z" finished-at="2019-12-15T11:11:11Z">
      <class name="TestCases.VideoGameAPItest">
        <test-method status="PASS" signature="getAllvideogames()[pri:1, instance:TestCases.VideoGameAPItest@4af044]" name="getAllvideogames" duration-ms="2291" started-at="2019-12-15T03:11:07Z" finished-at="2019-12-15T03:11:10Z">
          <reporter-output>
          </reporter-output>
        </test-method> <!-- getAllvideogames -->
        <test-method status="PASS" signature="createnewVideogame()[pri:2, instance:TestCases.VideoGameAPItest@4af044]" name="createnewVideogame" duration-ms="293" started-at="2019-12-15T03:11:10Z" finished-at="2019-12-15T03:11:10Z">
          <reporter-output>
          </reporter-output>
        </test-method> <!-- createnewVideogame -->
        <test-method status="PASS" signature="getspecificvideogame()[pri:3, instance:TestCases.VideoGameAPItest@4af044]" name="getspecificvideogame" duration-ms="537" started-at="2019-12-15T03:11:10Z" finished-at="2019-12-15T03:11:11Z">
          <reporter-output>
          </reporter-output>
        </test-method> <!-- getspecificvideogame -->
        <test-method status="PASS" signature="updatevideogame()[pri:4, instance:TestCases.VideoGameAPItest@4af044]" name="updatevideogame" duration-ms="53" started-at="2019-12-15T03:11:11Z" finished-at="2019-12-15T03:11:11Z">
          <reporter-output>
          </reporter-output>
        </test-method> <!-- updatevideogame -->
        <test-method status="PASS" signature="deletevideogame()[pri:5, instance:TestCases.VideoGameAPItest@4af044]" name="deletevideogame" duration-ms="21" started-at="2019-12-15T03:11:11Z" finished-at="2019-12-15T03:11:11Z">
          <reporter-output>
          </reporter-output>
        </test-method> <!-- deletevideogame -->
      </class> <!-- TestCases.VideoGameAPItest -->
    </test> <!-- VideoGameTestCases -->
  </suite> <!-- VideoGameAPItestSuite -->
</testng-results>
